#
# There is insufficient memory for the Java Runtime Environment to continue.
# Native memory allocation (mmap) failed to map 264241152 bytes for G1 virtual space
# Possible reasons:
#   The system is out of physical RAM or swap space
#   The process is running with CompressedOops enabled, and the Java Heap may be blocking the growth of the native heap
# Possible solutions:
#   Reduce memory load on the system
#   Increase physical memory or swap space
#   Check if swap backing store is full
#   Decrease Java heap size (-Xmx/-Xms)
#   Decrease number of Java threads
#   Decrease Java thread stack sizes (-Xss)
#   Set larger code cache with -XX:ReservedCodeCacheSize=
#   JVM is running with Zero Based Compressed Oops mode in which the Java heap is
#     placed in the first 32GB address space. The Java Heap base address is the
#     maximum limit for the native heap growth. Please use -XX:HeapBaseMinAddress
#     to set the Java Heap base and to place the Java Heap above 32GB virtual address.
# This output file may be truncated or incomplete.
#
#  Out of Memory Error (os_windows.cpp:3530), pid=18712, tid=492
#
# JRE version:  (18.0.2.1+1) (build )
# Java VM: Java HotSpot(TM) 64-Bit Server VM (18.0.2.1+1-1, mixed mode, sharing, tiered, compressed oops, compressed class ptrs, g1 gc, windows-amd64)
# No core dump will be written. Minidumps are not enabled by default on client versions of Windows
#

---------------  S U M M A R Y ------------

Command Line: -Dfile.encoding=UTF-8 -XX:+ShowCodeDetailsInExceptionMessages com.spring_practise.demo.DemoApplication

Host: 11th Gen Intel(R) Core(TM) i7-1165G7 @ 2.80GHz, 8 cores, 15G,  Windows 11 , 64 bit Build 22621 (10.0.22621.3672)
Time: Thu Jul 18 23:30:54 2024 India Standard Time elapsed time: 0.012997 seconds (0d 0h 0m 0s)

---------------  T H R E A D  ---------------

Current thread (0x000002e87bcc2190):  JavaThread "Unknown thread" [_thread_in_vm, id=492, stack(0x000000f418a00000,0x000000f418b00000)]

Stack: [0x000000f418a00000,0x000000f418b00000]
Native frames: (J=compiled Java code, j=interpreted, Vv=VM code, C=native code)
V  [jvm.dll+0x6993aa]
V  [jvm.dll+0x7f46dd]
V  [jvm.dll+0x7f5fee]
V  [jvm.dll+0x7f66a3]
V  [jvm.dll+0x25cf1f]
V  [jvm.dll+0x6962f9]
V  [jvm.dll+0x68ae2a]
V  [jvm.dll+0x32255b]
V  [jvm.dll+0x329f36]
V  [jvm.dll+0x37eade]
V  [jvm.dll+0x37ed0f]
V  [jvm.dll+0x2fa2da]
V  [jvm.dll+0x2fb33d]
V  [jvm.dll+0x7c3310]
V  [jvm.dll+0x38be61]
V  [jvm.dll+0x7a2023]
V  [jvm.dll+0x40dc3f]
V  [jvm.dll+0x40f611]
C  [jli.dll+0x526b]
C  [ucrtbase.dll+0x29333]
C  [KERNEL32.DLL+0x1257d]
C  [ntdll.dll+0x5af28]


---------------  P R O C E S S  ---------------

Threads class SMR info:
_java_thread_list=0x00007ffaa42ae550, length=0, elements={
}

Java Threads: ( => current thread )

Other Threads:
  0x000002e87bd339b0 WorkerThread "GC Thread#0" [stack: 0x000000f418b00000,0x000000f418c00000] [id=5088]
  0x000002e87bd44c80 ConcurrentGCThread "G1 Main Marker" [stack: 0x000000f418c00000,0x000000f418d00000] [id=1008]
  0x000002e87bd45670 WorkerThread "G1 Conc#0" [stack: 0x000000f418d00000,0x000000f418e00000] [id=5132]

[error occurred during error reporting (printing all threads), id 0xc0000005, EXCEPTION_ACCESS_VIOLATION (0xc0000005) at pc=0x00007ffaa3ada877]

VM state: not at safepoint (not fully initialized)

VM Mutex/Monitor currently owned by a thread:  ([mutex/lock_event])
[0x000002e87bcbe770] Heap_lock - owner thread: 0x000002e87bcc2190

Heap address: 0x0000000704000000, size: 4032 MB, Compressed Oops mode: Zero based, Oop shift amount: 3

CDS archive(s) mapped at: [0x0000000000000000-0x0000000000000000-0x0000000000000000), size 0, SharedBaseAddress: 0x0000000800000000, ArchiveRelocationMode: 0.
Narrow klass base: 0x0000000000000000, Narrow klass shift: 0, Narrow klass range: 0x0

GC Precious Log:
 CardTable entry size: 512
 Card Set container configuration: InlinePtr #cards 4 size 8 Array Of Cards #cards 16 size 48 Howl #buckets 8 coarsen threshold 3686 Howl Bitmap #cards 512 size 80 coarsen threshold 460 Card regions per heap region 1 cards per card region 4096

Heap:
 garbage-first heap   total 0K, used 0K [0x0000000704000000, 0x0000000800000000)
  region size 2048K, 0 young (0K), 0 survivors (0K)

[error occurred during error reporting (printing heap information), id 0xc0000005, EXCEPTION_ACCESS_VIOLATION (0xc0000005) at pc=0x00007ffaa3ec1839]

GC Heap History (0 events):
No events

Deoptimization events (0 events):
No events

Classes loaded (0 events):
No events

Classes unloaded (0 events):
No events

Classes redefined (0 events):
No events

Internal exceptions (0 events):
No events

VM Operations (0 events):
No events

Events (1 events):
Event: 0.008 Loaded shared library C:\Program Files\Java\jdk-18.0.2.1\bin\java.dll


Dynamic libraries:
0x00007ff768d30000 - 0x00007ff768d40000 	C:\Program Files\Java\jdk-18.0.2.1\bin\javaw.exe
0x00007ffb3d510000 - 0x00007ffb3d727000 	C:\WINDOWS\SYSTEM32\ntdll.dll
0x00007ffb3c5e0000 - 0x00007ffb3c6a4000 	C:\WINDOWS\System32\KERNEL32.DLL
0x00007ffb3a840000 - 0x00007ffb3abed000 	C:\WINDOWS\System32\KERNELBASE.dll
0x00007ffb3abf0000 - 0x00007ffb3ad01000 	C:\WINDOWS\System32\ucrtbase.dll
0x00007ffb14320000 - 0x00007ffb14338000 	C:\Program Files\Java\jdk-18.0.2.1\bin\jli.dll
0x00007ffb1b210000 - 0x00007ffb1b22a000 	C:\Program Files\Java\jdk-18.0.2.1\bin\VCRUNTIME140.dll
0x00007ffb3d360000 - 0x00007ffb3d412000 	C:\WINDOWS\System32\ADVAPI32.dll
0x00007ffb3c6b0000 - 0x00007ffb3c757000 	C:\WINDOWS\System32\msvcrt.dll
0x00007ffb3c510000 - 0x00007ffb3c5b9000 	C:\WINDOWS\System32\sechost.dll
0x00007ffb3aef0000 - 0x00007ffb3af18000 	C:\WINDOWS\System32\bcrypt.dll
0x00007ffb3c760000 - 0x00007ffb3c874000 	C:\WINDOWS\System32\RPCRT4.dll
0x00007ffb3cc50000 - 0x00007ffb3cdfe000 	C:\WINDOWS\System32\USER32.dll
0x00007ffb3b100000 - 0x00007ffb3b126000 	C:\WINDOWS\System32\win32u.dll
0x00007ffb249c0000 - 0x00007ffb24c53000 	C:\WINDOWS\WinSxS\amd64_microsoft.windows.common-controls_6595b64144ccf1df_6.0.22621.3672_none_2713b9d173822955\COMCTL32.dll
0x00007ffb3b350000 - 0x00007ffb3b379000 	C:\WINDOWS\System32\GDI32.dll
0x00007ffb3b130000 - 0x00007ffb3b249000 	C:\WINDOWS\System32\gdi32full.dll
0x00007ffb3b060000 - 0x00007ffb3b0fa000 	C:\WINDOWS\System32\msvcp_win.dll
0x00007ffb340d0000 - 0x00007ffb340da000 	C:\WINDOWS\SYSTEM32\VERSION.dll
0x00007ffb3ce60000 - 0x00007ffb3ce91000 	C:\WINDOWS\System32\IMM32.DLL
0x00007ffb31a70000 - 0x00007ffb31a7c000 	C:\Program Files\Java\jdk-18.0.2.1\bin\vcruntime140_1.dll
0x00007ffab3fc0000 - 0x00007ffab404d000 	C:\Program Files\Java\jdk-18.0.2.1\bin\msvcp140.dll
0x00007ffaa37d0000 - 0x00007ffaa43e1000 	C:\Program Files\Java\jdk-18.0.2.1\bin\server\jvm.dll
0x00007ffb3c890000 - 0x00007ffb3c898000 	C:\WINDOWS\System32\PSAPI.DLL
0x00007ffb0c370000 - 0x00007ffb0c379000 	C:\WINDOWS\SYSTEM32\WSOCK32.dll
0x00007ffb3b260000 - 0x00007ffb3b2d1000 	C:\WINDOWS\System32\WS2_32.dll
0x00007ffb28260000 - 0x00007ffb28294000 	C:\WINDOWS\SYSTEM32\WINMM.dll
0x00007ffb39870000 - 0x00007ffb39888000 	C:\WINDOWS\SYSTEM32\kernel.appcore.dll
0x00007ffb14310000 - 0x00007ffb1431a000 	C:\Program Files\Java\jdk-18.0.2.1\bin\jimage.dll
0x00007ffb38240000 - 0x00007ffb38472000 	C:\WINDOWS\SYSTEM32\DBGHELP.DLL
0x00007ffb3c8c0000 - 0x00007ffb3cc48000 	C:\WINDOWS\System32\combase.dll
0x00007ffb3b590000 - 0x00007ffb3b667000 	C:\WINDOWS\System32\OLEAUT32.dll
0x00007ffb123f0000 - 0x00007ffb12422000 	C:\WINDOWS\SYSTEM32\dbgcore.DLL
0x00007ffb3af20000 - 0x00007ffb3af9b000 	C:\WINDOWS\System32\bcryptPrimitives.dll
0x00007ffaf6a70000 - 0x00007ffaf6a95000 	C:\Program Files\Java\jdk-18.0.2.1\bin\java.dll

dbghelp: loaded successfully - version: 4.0.5 - missing functions: none
symbol engine: initialized successfully - sym options: 0x614 - pdb path: .;C:\Program Files\Java\jdk-18.0.2.1\bin;C:\WINDOWS\SYSTEM32;C:\WINDOWS\WinSxS\amd64_microsoft.windows.common-controls_6595b64144ccf1df_6.0.22621.3672_none_2713b9d173822955;C:\Program Files\Java\jdk-18.0.2.1\bin\server

VM Arguments:
jvm_args: -Dfile.encoding=UTF-8 -XX:+ShowCodeDetailsInExceptionMessages 
java_command: com.spring_practise.demo.DemoApplication
java_class_path (initial): C:\Users\SYED JAVITH\Downloads\demo\demo\target\classes;C:\Users\SYED JAVITH\.m2\repository\org\springframework\boot\spring-boot-starter-data-jpa\3.3.0\spring-boot-starter-data-jpa-3.3.0.jar;C:\Users\SYED JAVITH\.m2\repository\org\springframework\boot\spring-boot-starter-aop\3.3.1\spring-boot-starter-aop-3.3.1.jar;C:\Users\SYED JAVITH\.m2\repository\org\springframework\spring-aop\6.1.10\spring-aop-6.1.10.jar;C:\Users\SYED JAVITH\.m2\repository\org\aspectj\aspectjweaver\1.9.22\aspectjweaver-1.9.22.jar;C:\Users\SYED JAVITH\.m2\repository\org\springframework\boot\spring-boot-starter-jdbc\3.3.1\spring-boot-starter-jdbc-3.3.1.jar;C:\Users\SYED JAVITH\.m2\repository\com\zaxxer\HikariCP\5.1.0\HikariCP-5.1.0.jar;C:\Users\SYED JAVITH\.m2\repository\org\springframework\spring-jdbc\6.1.10\spring-jdbc-6.1.10.jar;C:\Users\SYED JAVITH\.m2\repository\org\hibernate\orm\hibernate-core\6.5.2.Final\hibernate-core-6.5.2.Final.jar;C:\Users\SYED JAVITH\.m2\repository\jakarta\persistence\jakarta.persistence-api\3.1.0\jakarta.persistence-api-3.1.0.jar;C:\Users\SYED JAVITH\.m2\repository\jakarta\transaction\jakarta.transaction-api\2.0.1\jakarta.transaction-api-2.0.1.jar;C:\Users\SYED JAVITH\.m2\repository\org\jboss\logging\jboss-logging\3.5.3.Final\jboss-logging-3.5.3.Final.jar;C:\Users\SYED JAVITH\.m2\repository\org\hibernate\common\hibernate-commons-annotations\6.0.6.Final\hibernate-commons-annotations-6.0.6.Final.jar;C:\Users\SYED JAVITH\.m2\repository\io\smallrye\jandex\3.1.2\jandex-3.1.2.jar;C:\Users\SYED JAVITH\.m2\repository\com\fasterxml\classmate\1.7.0\classmate-1.7.0.jar;C:\Users\SYED JAVITH\.m2\repository\net\bytebuddy\byte-buddy\1.14.17\byte-buddy-1.14.17.jar;C:\Users\SYED JAVITH\.m2\repository\org\glassfish\jaxb\jaxb-runtime\4.0.5\jaxb-runtime-4.0.5.jar;C:\Users\SYED JAVITH\.m2\repository\org\glassfish\jaxb\jaxb-core\4.0.5\jaxb-core-4.0.5.jar;C:\Users\SYED JAVITH\.m2\repository\org\eclipse\angus\angus-activation\2.0.2\angus-activation-2.0.2.jar;C:\Users\SYED JAVITH\.m2\repository\org\glassfish\jaxb\txw2\4.0.5\txw2-4.0.5.jar;C:\Users\SYED JAVITH\.m2\repository\com\sun\istack\istack-commons-runtime\4.1.2\istack-commons-runtime-4.1.2.jar;C:\Users\SYED JAVITH\.m2\repository\jakarta\inject\jakarta.inject-api\2.0.1\jakarta.inject-api-2.0.1.jar;C:\Users\SYED JAVITH\.m2\repository\org\antlr\antlr4-runtime\4.13.0\antlr4-runtime-4.13.0.jar;C:\Users\SYED JAVITH\.m2\repository\org\springframework\data\spring-data-jpa\3.3.1\spring-data-jpa-3.3.1.jar;C:\Users\SYED JAVITH\.m2\repository\org\springframework\data\spring-data-commons\3.3.1\spring-data-commons-3.3.1.jar;C:\Users\SYED JAVITH\.m2\repository\org\springframework\spring-orm\6.1.10\spring-orm-6.1.10.jar;C:\Users\SYED JAVITH\.m2\repository\org\springframework\spring-context\6.1.10\spring-context-6.1.10.jar;C:\Users\SYED JAVITH\.m2\repository\org\springframework\spring-tx\6.1.10\spring-tx-6.1.10.jar;C:\Users\SYED JAVITH\.m2\repository\org\springframework\spring-beans\6.1.10\spring-beans-6.1.10.jar;C:\Users\SYED JAVITH\.m2\repository\jakarta\annotation\jakarta.annotation-api\2.1.1\jakarta.annotation-api-2.1.1.jar;C:\Users\SYED JAVITH\.m2\repository\org\slf4j\slf4j-api\2.0.13\slf4j-api-2.0.13.jar;C:\Users\SYED JAVITH\.m2\repository\org\springframework\spring-aspects\6.1.10\spring-aspects-6.1.10.jar;C:\Users\SYED JAVITH\.m2\repository\org\springframework\boot\spring-boot-starter-web\3.3.1\spring-boot-starter-web-3.3.1.jar;C:\Users\SYED JAVITH\.m2\repository\org\springframework\boot\spring-boot-starter\3.3.1\spring-boot-starter-3.3.1.jar;C:\Users\SYED JAVITH\.m2\repository\org\springframework\boot\spring-boot-starter-logging\3.3.1\spring-boot-starter-logging-3.3.1.jar;C:\Users\SYED JAVITH\.m2\repository\ch\qos\logback\logback-classic\1.5.6\logback-classic-1.5.6.jar;C:\Users\SYED JAVITH\.m2\repository\ch\qos\logback\logback-core\1.5.6\logback-core-1.5.6.jar;C:\Users\SYED JAVITH\.m2\repository\org\apache\logging\log4j\log4j-to-slf4j\2.23.1\log4j-to-slf4j-2.23.1.jar;C:\Users\SYED JAVITH\.m2\repository\org\apache\logging\log4j\log4j-api\2.23.1\log4j-api-2.23.1.jar;C:\Users\SYED JAVITH\.m2\repository\org\slf4j\jul-to-slf4j\2.0.13\jul-to-slf4j-2.0.13.jar;C:\Users\SYED JAVITH\.m2\repository\org\yaml\snakeyaml\2.2\snakeyaml-2.2.jar;C:\Users\SYED JAVITH\.m2\repository\org\springframework\boot\spring-boot-starter-json\3.3.1\spring-boot-starter-json-3.3.1.jar;C:\Users\SYED JAVITH\.m2\repository\com\fasterxml\jackson\core\jackson-databind\2.17.1\jackson-databind-2.17.1.jar;C:\Users\SYED JAVITH\.m2\repository\com\fasterxml\jackson\core\jackson-annotations\2.17.1\jackson-annotations-2.17.1.jar;C:\Users\SYED JAVITH\.m2\repository\com\fasterxml\jackson\core\jackson-core\2.17.1\jackson-core-2.17.1.jar;C:\Users\SYED JAVITH\.m2\repository\com\fasterxml\jackson\datatype\jackson-datatype-jdk8\2.17.1\jackson-datatype-jdk8-2.17.1.jar;C:\Users\SYED JAVITH\.m2\repository\com\fasterxml\jackson\datatype\jackson-datatype-jsr310\2.17.1\jackson-datatype-jsr310-2.17.1.jar;C:\Users\SYED JAVITH\.m2\repository\com\fasterxml\jackson\module\jackson-module-parameter-names\2.17.1\jackson-module-parameter-names-2.17.1.jar;C:\Users\SYED JAVITH\.m2\repository\org\springframework\boot\spring-boot-starter-tomcat\3.3.1\spring-boot-starter-tomcat-3.3.1.jar;C:\Users\SYED JAVITH\.m2\repository\org\apache\tomcat\embed\tomcat-embed-core\10.1.25\tomcat-embed-core-10.1.25.jar;C:\Users\SYED JAVITH\.m2\repository\org\apache\tomcat\embed\tomcat-embed-el\10.1.25\tomcat-embed-el-10.1.25.jar;C:\Users\SYED JAVITH\.m2\repository\org\apache\tomcat\embed\tomcat-embed-websocket\10.1.25\tomcat-embed-websocket-10.1.25.jar;C:\Users\SYED JAVITH\.m2\repository\org\springframework\spring-web\6.1.10\spring-web-6.1.10.jar;C:\Users\SYED JAVITH\.m2\repository\io\micrometer\micrometer-observation\1.13.1\micrometer-observation-1.13.1.jar;C:\Users\SYED JAVITH\.m2\repository\io\micrometer\micrometer-commons\1.13.1\micrometer-commons-1.13.1.jar;C:\Users\SYED JAVITH\.m2\repository\org\springframework\spring-webmvc\6.1.10\spring-webmvc-6.1.10.jar;C:\Users\SYED JAVITH\.m2\repository\org\springframework\spring-expression\6.1.10\spring-expression-6.1.10.jar;C:\Users\SYED JAVITH\.m2\repository\com\mysql\mysql-connector-j\8.3.0\mysql-connector-j-8.3.0.jar;C:\Users\SYED JAVITH\.m2\repository\org\springframework\boot\spring-boot-devtools\3.2.5\spring-boot-devtools-3.2.5.jar;C:\Users\SYED JAVITH\.m2\repository\org\springframework\boot\spring-boot\3.3.1\spring-boot-3.3.1.jar;C:\Users\SYED JAVITH\.m2\repository\org\springframework\boot\spring-boot-autoconfigure\3.3.1\spring-boot-autoconfigure-3.3.1.jar;C:\Users\SYED JAVITH\.m2\repository\jakarta\xml\bind\jakarta.xml.bind-api\4.0.2\jakarta.xml.bind-api-4.0.2.jar;C:\Users\SYED JAVITH\.m2\repository\jakarta\activation\jakarta.activation-api\2.1.3\jakarta.activation-api-2.1.3.jar;C:\Users\SYED JAVITH\.m2\repository\org\springframework\spring-core\6.1.10\spring-core-6.1.10.jar;C:\Users\SYED JAVITH\.m2\repository\org\springframework\spring-jcl\6.1.10\spring-jcl-6.1.10.jar
Launcher Type: SUN_STANDARD

[Global flags]
     intx CICompilerCount                          = 4                                         {product} {ergonomic}
     uint ConcGCThreads                            = 2                                         {product} {ergonomic}
     uint G1ConcRefinementThreads                  = 8                                         {product} {ergonomic}
   size_t G1HeapRegionSize                         = 2097152                                   {product} {ergonomic}
    uintx GCDrainStackTargetSize                   = 64                                        {product} {ergonomic}
   size_t InitialHeapSize                          = 264241152                                 {product} {ergonomic}
   size_t MarkStackSize                            = 4194304                                   {product} {ergonomic}
   size_t MaxHeapSize                              = 4227858432                                {product} {ergonomic}
   size_t MinHeapDeltaBytes                        = 2097152                                   {product} {ergonomic}
   size_t MinHeapSize                              = 8388608                                   {product} {ergonomic}
    uintx NonNMethodCodeHeapSize                   = 5839372                                {pd product} {ergonomic}
    uintx NonProfiledCodeHeapSize                  = 122909434                              {pd product} {ergonomic}
    uintx ProfiledCodeHeapSize                     = 122909434                              {pd product} {ergonomic}
    uintx ReservedCodeCacheSize                    = 251658240                              {pd product} {ergonomic}
     bool SegmentedCodeCache                       = true                                      {product} {ergonomic}
     bool ShowCodeDetailsInExceptionMessages       = true                                   {manageable} {command line}
   size_t SoftMaxHeapSize                          = 4227858432                             {manageable} {ergonomic}
     bool UseCompressedClassPointers               = true                           {product lp64_product} {ergonomic}
     bool UseCompressedOops                        = true                           {product lp64_product} {ergonomic}
     bool UseG1GC                                  = true                                      {product} {ergonomic}
     bool UseLargePagesIndividualAllocation        = false                                  {pd product} {ergonomic}

Logging:
Log output configuration:
 #0: stdout all=warning uptime,level,tags foldmultilines=false
 #1: stderr all=off uptime,level,tags foldmultilines=false

Environment Variables:
JAVA_HOME=C:\Program Files\Java\jdk-18.0.2.1
PATH=C:\app\WINDOWS.X64_213000_db_home\bin;C:\Program Files\Common Files\Oracle\Java\javapath;C:\WINDOWS\system32;C:\WINDOWS;C:\WINDOWS\System32\Wbem;C:\WINDOWS\System32\WindowsPowerShell\v1.0\;C:\WINDOWS\System32\OpenSSH\;C:\Program Files\Java\jdk-18.0.2.1\bin;C:\Program Files\kotlin\kotlinc\bin;C:\Program Files\php-8.2.1;C:\Program Files\MongoDB\Server\6.0\bin;C:\mongosh-1.6.2-win32-x64\bin;C:\Users\SYED JAVITH\AppData\Roaming\npm\node_modules\heroku\bin;C:\Program Files\Redis;C:\Program Files\Python311;C:\Users\SYED JAVITH\AppData\Local\Programs\Python\Python311\Scripts\;C:\Users\SYED JAVITH\AppData\Local\Programs\Python\Python311\;C:\Users\SYED JAVITH\.console-ninja\.bin;C:\Users\SYED JAVITH\AppData\Local\Microsoft\WindowsApps;C:\Program Files (x86)\php;C:\Users\SYED JAVITH\AppData\Local\Programs\Hyper\resources\bin;C:\Users\SYED JAVITH\AppData\Roaming\npm;C:\Program Files\heroku\bin;C:\src\flutter\flutter\bin;C:\Users\SYED JAVITH\App;C:\Program Files\MySQL\MySQL Server 8.0\bin;C:\Program Files\Npcap;C:\Program Files (x86)\Nmap;C:\ProgramData\chocolatey\bin;C:\Program Files\Git\cmd;C:\Program Files\nodejs\;C:\Program Files\Go\bin;C:\Users\SYED JAVITH\AppData\Local\Programs\Python\Python311\Scripts\;C:\Users\SYED JAVITH\AppData\Local\Programs\Python\Python311\;C:\Users\SYED JAVITH\.console-ninja\.bin;C:\Users\SYED JAVITH\AppData\Local\Microsoft\WindowsApps;C:\Program Files (x86)\php;C:\Users\SYED JAVITH\AppData\Local\Programs\Hyper\resources\bin;C:\Users\SYED JAVITH\AppData\Local\Programs\Git\cmd;C:\Program Files\heroku\bin;C:\Users\SYED JAVITH\AppData\Roaming\npm\node_modules\heroku\bin;C:\src\flutter\flutter\bin;C:\Users\SYED JAVITH\AppData\Local\Microsoft\WindowsApps;C:\Users\SYED JAVITH\Microsoft VS Code\bin;C:\Users\SYED JAVITH\AppData\Local\atom\bin;C:\tools\dart-sdk\bin;C:\Users\SYED JAVITH\AppData\Local\Pub\Cache\bin;C:\Users\SYED JAVITH\AppData\Roaming\npm;C:\Users\SYED JAVITH\go\bin
USERNAME=SYED JAVITH
OS=Windows_NT
PROCESSOR_IDENTIFIER=Intel64 Family 6 Model 140 Stepping 1, GenuineIntel



---------------  S Y S T E M  ---------------

OS:
 Windows 11 , 64 bit Build 22621 (10.0.22621.3672)
OS uptime: 0 days 5:37 hours

CPU: total 8 (initial active 8) (4 cores per cpu, 2 threads per core) family 6 model 140 stepping 1 microcode 0xac, cx8, cmov, fxsr, ht, mmx, 3dnowpref, sse, sse2, sse3, ssse3, sse4.1, sse4.2, popcnt, lzcnt, tsc, tscinvbit, avx, avx2, aes, erms, clmul, bmi1, bmi2, adx, avx512f, avx512dq, avx512cd, avx512bw, avx512vl, sha, fma, vzeroupper, avx512_vpopcntdq, avx512_vpclmulqdq, avx512_vaes, avx512_vnni, clflush, clflushopt, clwb, avx512_vbmi2, avx512_vbmi

Memory: 4k page, system-wide physical 16124M (4828M free)
TotalPageFile size 16124M (AvailPageFile size 29M)
current process WorkingSet (physical memory assigned to process): 11M, peak: 11M
current process commit charge ("private bytes"): 60M, peak: 312M

vm_info: Java HotSpot(TM) 64-Bit Server VM (18.0.2.1+1-1) for windows-amd64 JRE (18.0.2.1+1-1), built on Aug 16 2022 01:46:33 by "mach5one" with MS VC++ 16.8 / 16.9 (VS2019)

END.
